23:44:48.583 INFO [GridLauncherV3.parse] - Selenium server version: 3.141.59, revision: e82be7d358
23:44:48.664 INFO [GridLauncherV3.lambda$buildLaunchers$3] - Launching a standalone Selenium Server on port 4444
2023-03-06 23:44:48.723:INFO::main: Logging initialized @504ms to org.seleniumhq.jetty9.util.log.StdErrLog
23:44:49.016 INFO [WebDriverServlet.<init>] - Initialising WebDriverServlet
23:44:49.381 INFO [SeleniumServer.boot] - Selenium Server is up and running on port 4444
23:44:57.015 INFO [ActiveSessionFactory.apply] - Capabilities are: {
  "browserName": "firefox"
}
23:44:57.015 INFO [ActiveSessionFactory.apply] - Capabilities are: {
  "browserName": "firefox"
}
23:44:57.024 INFO [ActiveSessionFactory.lambda$apply$11] - Matched factory org.openqa.selenium.grid.session.remote.ServicedSession$Factory (provider: org.openqa.selenium.firefox.GeckoDriverService)
23:44:57.024 INFO [ActiveSessionFactory.lambda$apply$11] - Matched factory org.openqa.selenium.grid.session.remote.ServicedSession$Factory (provider: org.openqa.selenium.firefox.GeckoDriverService)
23:44:57.048 INFO [ActiveSessionFactory.apply] - Capabilities are: {
  "browserName": "firefox"
}
23:44:57.048 INFO [ActiveSessionFactory.lambda$apply$11] - Matched factory org.openqa.selenium.grid.session.remote.ServicedSession$Factory (provider: org.openqa.selenium.firefox.GeckoDriverService)
23:44:57.097 INFO [ActiveSessionFactory.apply] - Capabilities are: {
  "browserName": "firefox"
}
23:44:57.097 INFO [ActiveSessionFactory.lambda$apply$11] - Matched factory org.openqa.selenium.grid.session.remote.ServicedSession$Factory (provider: org.openqa.selenium.firefox.GeckoDriverService)
23:44:57.243 INFO [ActiveSessionFactory.apply] - Capabilities are: {
  "browserName": "firefox"
}
23:44:57.243 INFO [ActiveSessionFactory.lambda$apply$11] - Matched factory org.openqa.selenium.grid.session.remote.ServicedSession$Factory (provider: org.openqa.selenium.firefox.GeckoDriverService)
23:44:57.502 INFO [ActiveSessionFactory.apply] - Capabilities are: {
  "browserName": "firefox"
}
23:44:57.502 INFO [ActiveSessionFactory.lambda$apply$11] - Matched factory org.openqa.selenium.grid.session.remote.ServicedSession$Factory (provider: org.openqa.selenium.firefox.GeckoDriverService)
23:44:57.976 INFO [ActiveSessionFactory.apply] - Capabilities are: {
  "browserName": "firefox"
}
23:44:57.976 INFO [ActiveSessionFactory.lambda$apply$11] - Matched factory org.openqa.selenium.grid.session.remote.ServicedSession$Factory (provider: org.openqa.selenium.firefox.GeckoDriverService)
23:44:57.976 INFO [ActiveSessionFactory.apply] - Capabilities are: {
  "browserName": "firefox"
}
23:44:57.976 INFO [ActiveSessionFactory.lambda$apply$11] - Matched factory org.openqa.selenium.grid.session.remote.ServicedSession$Factory (provider: org.openqa.selenium.firefox.GeckoDriverService)
23:44:57.991 INFO [ActiveSessionFactory.apply] - Capabilities are: {
  "browserName": "firefox"
}
23:44:57.991 INFO [ActiveSessionFactory.lambda$apply$11] - Matched factory org.openqa.selenium.grid.session.remote.ServicedSession$Factory (provider: org.openqa.selenium.firefox.GeckoDriverService)
23:44:57.991 INFO [ActiveSessionFactory.apply] - Capabilities are: {
  "browserName": "firefox"
}
23:44:57.991 INFO [ActiveSessionFactory.lambda$apply$11] - Matched factory org.openqa.selenium.grid.session.remote.ServicedSession$Factory (provider: org.openqa.selenium.firefox.GeckoDriverService)
23:44:57.991 INFO [ActiveSessionFactory.apply] - Capabilities are: {
  "browserName": "firefox"
}
23:44:57.991 INFO [ActiveSessionFactory.lambda$apply$11] - Matched factory org.openqa.selenium.grid.session.remote.ServicedSession$Factory (provider: org.openqa.selenium.firefox.GeckoDriverService)
23:44:58.007 INFO [ActiveSessionFactory.apply] - Capabilities are: {
  "browserName": "firefox"
}
23:44:58.007 INFO [ActiveSessionFactory.lambda$apply$11] - Matched factory org.openqa.selenium.grid.session.remote.ServicedSession$Factory (provider: org.openqa.selenium.firefox.GeckoDriverService)
23:44:58.268 INFO [ActiveSessionFactory.apply] - Capabilities are: {
  "browserName": "firefox"
}
23:44:58.268 INFO [ActiveSessionFactory.lambda$apply$11] - Matched factory org.openqa.selenium.grid.session.remote.ServicedSession$Factory (provider: org.openqa.selenium.firefox.GeckoDriverService)
23:44:58.272 INFO [ActiveSessionFactory.apply] - Capabilities are: {
  "browserName": "firefox"
}
23:44:58.273 INFO [ActiveSessionFactory.lambda$apply$11] - Matched factory org.openqa.selenium.grid.session.remote.ServicedSession$Factory (provider: org.openqa.selenium.firefox.GeckoDriverService)
23:44:58.346 INFO [ActiveSessionFactory.apply] - Capabilities are: {
  "browserName": "firefox"
}
23:44:58.346 INFO [ActiveSessionFactory.lambda$apply$11] - Matched factory org.openqa.selenium.grid.session.remote.ServicedSession$Factory (provider: org.openqa.selenium.firefox.GeckoDriverService)
23:44:58.362 INFO [ActiveSessionFactory.apply] - Capabilities are: {
  "browserName": "firefox"
}
23:44:58.362 INFO [ActiveSessionFactory.lambda$apply$11] - Matched factory org.openqa.selenium.grid.session.remote.ServicedSession$Factory (provider: org.openqa.selenium.firefox.GeckoDriverService)
23:44:58.434 INFO [ActiveSessionFactory.apply] - Capabilities are: {
  "browserName": "firefox"
}
23:44:58.442 INFO [ActiveSessionFactory.lambda$apply$11] - Matched factory org.openqa.selenium.grid.session.remote.ServicedSession$Factory (provider: org.openqa.selenium.firefox.GeckoDriverService)
23:44:58.571 INFO [ActiveSessionFactory.apply] - Capabilities are: {
  "browserName": "firefox"
}
23:44:58.571 INFO [ActiveSessionFactory.lambda$apply$11] - Matched factory org.openqa.selenium.grid.session.remote.ServicedSession$Factory (provider: org.openqa.selenium.firefox.GeckoDriverService)
23:44:58.725 INFO [ActiveSessionFactory.apply] - Capabilities are: {
  "browserName": "firefox"
}
23:44:58.725 INFO [ActiveSessionFactory.lambda$apply$11] - Matched factory org.openqa.selenium.grid.session.remote.ServicedSession$Factory (provider: org.openqa.selenium.firefox.GeckoDriverService)
23:44:58.725 INFO [ActiveSessionFactory.apply] - Capabilities are: {
  "browserName": "firefox"
}
23:44:58.725 INFO [ActiveSessionFactory.lambda$apply$11] - Matched factory org.openqa.selenium.grid.session.remote.ServicedSession$Factory (provider: org.openqa.selenium.firefox.GeckoDriverService)
23:44:58.862 INFO [ActiveSessionFactory.apply] - Capabilities are: {
  "browserName": "firefox"
}
23:44:58.862 INFO [ActiveSessionFactory.lambda$apply$11] - Matched factory org.openqa.selenium.grid.session.remote.ServicedSession$Factory (provider: org.openqa.selenium.firefox.GeckoDriverService)
23:44:59.018 INFO [ActiveSessionFactory.apply] - Capabilities are: {
  "browserName": "firefox"
}
23:44:59.018 INFO [ActiveSessionFactory.lambda$apply$11] - Matched factory org.openqa.selenium.grid.session.remote.ServicedSession$Factory (provider: org.openqa.selenium.firefox.GeckoDriverService)
23:44:59.025 INFO [ActiveSessionFactory.apply] - Capabilities are: {
  "browserName": "firefox"
}
23:44:59.025 INFO [ActiveSessionFactory.lambda$apply$11] - Matched factory org.openqa.selenium.grid.session.remote.ServicedSession$Factory (provider: org.openqa.selenium.firefox.GeckoDriverService)
23:44:59.042 INFO [ActiveSessionFactory.apply] - Capabilities are: {
  "browserName": "firefox"
}
23:44:59.042 INFO [ActiveSessionFactory.lambda$apply$11] - Matched factory org.openqa.selenium.grid.session.remote.ServicedSession$Factory (provider: org.openqa.selenium.firefox.GeckoDriverService)
